2024-08-31 21:33:17,822 [INFO] app: Configuração de logging concluída
2024-08-31 21:33:17,824 [INFO] app.database: Banco de dados inicializado com sucesso.
2024-08-31 21:33:17,824 [INFO] app: Configuração do banco de dados concluída
2024-08-31 21:33:17,824 [INFO] app: Configuração do JWT concluída
2024-08-31 21:33:17,826 [INFO] app: Blueprint de autenticação registrado
2024-08-31 21:33:17,826 [INFO] __main__: Iniciando o serviço Flask na porta 5000...
2024-08-31 21:33:17,839 [WARNING] werkzeug:  * Running on all addresses.
   WARNING: This is a development server. Do not use it in a production deployment.
2024-08-31 21:33:17,840 [INFO] werkzeug:  * Running on http://192.168.18.93:5000/ (Press CTRL+C to quit)
2024-09-02 12:26:57,992 [INFO] app: Configuração de logging concluída
2024-09-02 12:26:57,993 [INFO] app.database: Banco de dados inicializado com sucesso.
2024-09-02 12:26:57,993 [INFO] app: Configuração do banco de dados concluída
2024-09-02 12:26:57,993 [INFO] app: Configuração do JWT concluída
2024-09-02 12:26:57,995 [INFO] app: Blueprint de autenticação registrado
2024-09-02 12:26:57,995 [INFO] __main__: Iniciando o serviço Flask na porta 5000...
2024-09-02 12:26:58,007 [WARNING] werkzeug:  * Running on all addresses.
   WARNING: This is a development server. Do not use it in a production deployment.
2024-09-02 12:26:58,007 [INFO] werkzeug:  * Running on http://192.168.0.26:5000/ (Press CTRL+C to quit)
2024-09-02 12:38:08,840 [INFO] app: Configuração de logging concluída
2024-09-02 12:38:08,842 [INFO] app.database: Banco de dados inicializado com sucesso.
2024-09-02 12:38:08,842 [INFO] app: Configuração do banco de dados concluída
2024-09-02 12:38:08,842 [INFO] app: Configuração do JWT concluída
2024-09-02 12:38:08,844 [INFO] app: Blueprint de autenticação registrado
2024-09-02 12:38:08,844 [INFO] __main__: Iniciando o serviço Flask na porta 5000...
2024-09-02 12:38:08,861 [WARNING] werkzeug:  * Running on all addresses.
   WARNING: This is a development server. Do not use it in a production deployment.
2024-09-02 12:38:08,861 [INFO] werkzeug:  * Running on http://192.168.0.26:5000/ (Press CTRL+C to quit)
